<?xml version="1.0" encoding="UTF-8" ?>
<testsuite tests="4" failures="1" name="TestSuite" time="127.723" errors="0" skipped="0">
  <properties>
[...]
</properties>
  <testcase classname="com.project.test.AddToCartTest" name="addToCart" time="16.82">
    <failure message="[CART:ERROR] Product not found! expected [http://automationpractice.com/index.php?controller=search&amp;orderby=position&amp;orderway=desc&amp;search_query=shirt&amp;submit_search=] but found [http://automationpractice.com/index.php?controller=my-account]" type="java.lang.AssertionError">java.lang.AssertionError: [CART:ERROR] Product not found! expected [http://automationpractice.com/index.php?controller=search&amp;orderby=position&amp;orderway=desc&amp;search_query=shirt&amp;submit_search=] but found [http://automationpractice.com/index.php?controller=my-account]
	at org.testng.Assert.fail(Assert.java:97)
	at org.testng.Assert.assertEqualsImpl(Assert.java:136)
	at org.testng.Assert.assertEquals(Assert.java:118)
	at org.testng.Assert.assertEquals(Assert.java:575)
	at com.project.test.AddToCartTest.addToCart(AddToCartTest.java:63)
</failure>
    <system-out>Configuring TestNG with: org.apache.maven.surefire.testng.conf.TestNG652Configurator@546a03af

[TEST:CART] Launching browser...
  [CART] Browser launched successfully.

[TEST:LOGIN] Launching browser...
  [LOGIN] Browser launched successfully.

[TEST:REGISTER] Launching browser...
  [REGISTER] Browser launched successfully.

[TEST:SEARCH] Launching browser...
  [SEARCH] Browser launched successfully.
  [CART] Navigating to log in page.
  [CART] Attempting to log in.
  [CART] Log in was successful!
  [CART] Searching for a product &apos;shirt&apos;...
</system-out>
    <system-err>log4j:WARN No appenders could be found for logger (io.netty.util.internal.logging.InternalLoggerFactory).
log4j:WARN Please initialize the log4j system properly.
log4j:WARN See http://logging.apache.org/log4j/1.2/faq.html#noconfig for more info.
Starting ChromeDriver 83.0.4103.39 (ccbf011cb2d2b19b506d844400483861342c20cd-refs/branch-heads/4103@{#416}) on port 28400
Only local connections are allowed.
Please see https://chromedriver.chromium.org/security-considerations for suggestions on keeping ChromeDriver safe.
ChromeDriver was started successfully.
Jul 17, 2020 4:17:59 PM org.openqa.selenium.remote.ProtocolHandshake createSession
INFO: Detected dialect: W3C
Starting ChromeDriver 83.0.4103.39 (ccbf011cb2d2b19b506d844400483861342c20cd-refs/branch-heads/4103@{#416}) on port 33285
Only local connections are allowed.
Please see https://chromedriver.chromium.org/security-considerations for suggestions on keeping ChromeDriver safe.
ChromeDriver was started successfully.
Jul 17, 2020 4:18:07 PM org.openqa.selenium.remote.ProtocolHandshake createSession
INFO: Detected dialect: W3C
Starting ChromeDriver 83.0.4103.39 (ccbf011cb2d2b19b506d844400483861342c20cd-refs/branch-heads/4103@{#416}) on port 16432
Only local connections are allowed.
Please see https://chromedriver.chromium.org/security-considerations for suggestions on keeping ChromeDriver safe.
ChromeDriver was started successfully.
Jul 17, 2020 4:18:20 PM org.openqa.selenium.remote.ProtocolHandshake createSession
INFO: Detected dialect: W3C
Starting ChromeDriver 83.0.4103.39 (ccbf011cb2d2b19b506d844400483861342c20cd-refs/branch-heads/4103@{#416}) on port 46315
Only local connections are allowed.
Please see https://chromedriver.chromium.org/security-considerations for suggestions on keeping ChromeDriver safe.
ChromeDriver was started successfully.
Jul 17, 2020 4:18:32 PM org.openqa.selenium.remote.ProtocolHandshake createSession
INFO: Detected dialect: W3C
</system-err>
  </testcase>
  <testcase classname="com.project.test.LoginTest" name="login" time="33.955"/>
  <testcase classname="com.project.test.RegisterTest" name="register" time="53.082"/>
  <testcase classname="com.project.test.SearchTest" name="searchProduct" time="23.866"/>
</testsuite>