<?xml version="1.0" encoding="UTF-8"?>
<!-- Generated by org.testng.reporters.JUnitXMLReporter -->
<testsuite hostname="JARVIS" ignored="2" name="Test" tests="4" failures="0" timestamp="13 Jul 2020 11:48:06 GMT" time="0.079" errors="0">
  <testcase name="methodOneTest" time="0.014" classname="com.testngdemo.SecondModule"/>
  <testcase name="methodTwoTest" time="0.003" classname="com.testngdemo.SecondModule"/>
  <testcase name="methodOneTest" time="0.002" classname="com.testngdemo.FirstModuleTests"/>
  <testcase name="methodTwoTest" time="0.001" classname="com.testngdemo.FirstModuleTests"/>
  <testcase name="testLogin" time="0.0" classname="com.testngdemo.MyTest">
    <ignored/>
  </testcase> <!-- testLogin -->
  <testcase name="OpenBrowser" time="0.0" classname="com.testngdemo.MyTest">
    <ignored/>
  </testcase> <!-- OpenBrowser -->
</testsuite> <!-- Test -->
