<?xml version="1.0" encoding="UTF-8"?>
<testng-results skipped="0" failed="0" ignored="2" total="6" passed="4">
  <reporter-output>
  </reporter-output>
  <suite name="Suite" duration-ms="79" started-at="2020-07-13T11:48:06Z" finished-at="2020-07-13T11:48:06Z">
    <groups>
      <group name="Database">
        <method signature="FirstModuleTests.methodOneTest()[pri:0, instance:com.testngdemo.FirstModuleTests@4f933fd1]" name="methodOneTest" class="com.testngdemo.FirstModuleTests"/>
        <method signature="SecondModule.methodOneTest()[pri:0, instance:com.testngdemo.SecondModule@d2cc05a]" name="methodOneTest" class="com.testngdemo.SecondModule"/>
      </group> <!-- Database -->
      <group name="Testing">
        <method signature="FirstModuleTests.methodTwoTest()[pri:0, instance:com.testngdemo.FirstModuleTests@4f933fd1]" name="methodTwoTest" class="com.testngdemo.FirstModuleTests"/>
        <method signature="SecondModule.methodTwoTest()[pri:0, instance:com.testngdemo.SecondModule@d2cc05a]" name="methodTwoTest" class="com.testngdemo.SecondModule"/>
      </group> <!-- Testing -->
    </groups>
    <test name="Test" duration-ms="79" started-at="2020-07-13T11:48:06Z" finished-at="2020-07-13T11:48:06Z">
      <class name="com.testngdemo.FirstModuleTests">
        <test-method status="PASS" signature="methodOneTest()[pri:0, instance:com.testngdemo.FirstModuleTests@4f933fd1]" name="methodOneTest" duration-ms="2" started-at="2020-07-13T11:48:06Z" finished-at="2020-07-13T11:48:06Z">
          <reporter-output>
          </reporter-output>
        </test-method> <!-- methodOneTest -->
        <test-method status="PASS" signature="methodTwoTest()[pri:0, instance:com.testngdemo.FirstModuleTests@4f933fd1]" name="methodTwoTest" duration-ms="1" started-at="2020-07-13T11:48:06Z" finished-at="2020-07-13T11:48:06Z">
          <reporter-output>
          </reporter-output>
        </test-method> <!-- methodTwoTest -->
      </class> <!-- com.testngdemo.FirstModuleTests -->
      <class name="com.testngdemo.SecondModule">
        <test-method status="PASS" signature="methodOneTest()[pri:0, instance:com.testngdemo.SecondModule@d2cc05a]" name="methodOneTest" duration-ms="14" started-at="2020-07-13T11:48:06Z" finished-at="2020-07-13T11:48:06Z">
          <reporter-output>
          </reporter-output>
        </test-method> <!-- methodOneTest -->
        <test-method status="PASS" signature="methodTwoTest()[pri:0, instance:com.testngdemo.SecondModule@d2cc05a]" name="methodTwoTest" duration-ms="3" started-at="2020-07-13T11:48:06Z" finished-at="2020-07-13T11:48:06Z">
          <reporter-output>
          </reporter-output>
        </test-method> <!-- methodTwoTest -->
      </class> <!-- com.testngdemo.SecondModule -->
    </test> <!-- Test -->
  </suite> <!-- Suite -->
</testng-results>
