<?xml version="1.0" encoding="UTF-8"?>
<testng-results skipped="0" failed="0" ignored="0" total="4" passed="4">
  <reporter-output>
    <line>
      <![CDATA[Navigating to authentication page.]]>
    </line>
    <line>
      <![CDATA[Filling up registration form.]]>
    </line>
    <line>
      <![CDATA[Registration form submitted!]]>
    </line>
    <line>
      <![CDATA[Successfully registered to the site.]]>
    </line>
    <line>
      <![CDATA[Signed out successfully!]]>
    </line>
    <line>
      <![CDATA[Navigating to authentication page.]]>
    </line>
    <line>
      <![CDATA[Attempting to log in.]]>
    </line>
    <line>
      <![CDATA[Log in was successful!]]>
    </line>
    <line>
      <![CDATA[Signed out successfully!]]>
    </line>
    <line>
      <![CDATA[Navigating to log in page.]]>
    </line>
    <line>
      <![CDATA[Attempting to log in.]]>
    </line>
    <line>
      <![CDATA[Log in was successful!]]>
    </line>
    <line>
      <![CDATA[Searching for a product 'shirt'...]]>
    </line>
    <line>
      <![CDATA[Matching products received!]]>
    </line>
    <line>
      <![CDATA[Signed out successfully!]]>
    </line>
    <line>
      <![CDATA[Navigating to log in page.]]>
    </line>
    <line>
      <![CDATA[Attempting to log in.]]>
    </line>
    <line>
      <![CDATA[Log in was successful!]]>
    </line>
    <line>
      <![CDATA[Searching for a product 'shirt'...]]>
    </line>
    <line>
      <![CDATA[Selecting a product.]]>
    </line>
    <line>
      <![CDATA[Adding product to the Cart...]]>
    </line>
    <line>
      <![CDATA[Product added to cart successfully!]]>
    </line>
    <line>
      <![CDATA[Signed out successfully!]]>
    </line>
  </reporter-output>
  <suite name="WebAppAutoTest" duration-ms="133805" started-at="2020-07-17T11:02:09Z" finished-at="2020-07-17T11:04:22Z">
    <groups>
    </groups>
    <test name="Test-Register" duration-ms="43977" started-at="2020-07-17T11:02:09Z" finished-at="2020-07-17T11:02:53Z">
      <class name="com.project.test.RegisterTest">
        <test-method status="PASS" signature="openBrowser()[pri:0, instance:com.project.test.RegisterTest@69ea3742]" name="openBrowser" is-config="true" duration-ms="7458" started-at="2020-07-17T11:02:09Z" finished-at="2020-07-17T11:02:16Z">
          <reporter-output>
          </reporter-output>
        </test-method> <!-- openBrowser -->
        <test-method status="PASS" signature="register()[pri:0, instance:com.project.test.RegisterTest@69ea3742]" name="register" duration-ms="36300" started-at="2020-07-17T11:02:16Z" finished-at="2020-07-17T11:02:52Z">
          <reporter-output>
            <line>
              <![CDATA[Navigating to authentication page.]]>
            </line>
            <line>
              <![CDATA[Filling up registration form.]]>
            </line>
            <line>
              <![CDATA[Registration form submitted!]]>
            </line>
            <line>
              <![CDATA[Successfully registered to the site.]]>
            </line>
            <line>
              <![CDATA[Signed out successfully!]]>
            </line>
          </reporter-output>
        </test-method> <!-- register -->
        <test-method status="PASS" signature="tearDown()[pri:0, instance:com.project.test.RegisterTest@69ea3742]" name="tearDown" is-config="true" duration-ms="177" started-at="2020-07-17T11:02:52Z" finished-at="2020-07-17T11:02:53Z">
          <reporter-output>
          </reporter-output>
        </test-method> <!-- tearDown -->
      </class> <!-- com.project.test.RegisterTest -->
    </test> <!-- Test-Register -->
    <test name="Test-Login" duration-ms="22582" started-at="2020-07-17T11:02:53Z" finished-at="2020-07-17T11:03:15Z">
      <class name="com.project.test.LoginTest">
        <test-method status="PASS" signature="openBrowser()[pri:0, instance:com.project.test.LoginTest@20398b7c]" name="openBrowser" is-config="true" duration-ms="5718" started-at="2020-07-17T11:02:53Z" finished-at="2020-07-17T11:02:58Z">
          <reporter-output>
          </reporter-output>
        </test-method> <!-- openBrowser -->
        <test-method status="PASS" signature="login()[pri:0, instance:com.project.test.LoginTest@20398b7c]" name="login" duration-ms="16723" started-at="2020-07-17T11:02:58Z" finished-at="2020-07-17T11:03:15Z">
          <reporter-output>
            <line>
              <![CDATA[Navigating to authentication page.]]>
            </line>
            <line>
              <![CDATA[Attempting to log in.]]>
            </line>
            <line>
              <![CDATA[Log in was successful!]]>
            </line>
            <line>
              <![CDATA[Signed out successfully!]]>
            </line>
          </reporter-output>
        </test-method> <!-- login -->
        <test-method status="PASS" signature="tearDown()[pri:0, instance:com.project.test.LoginTest@20398b7c]" name="tearDown" is-config="true" duration-ms="134" started-at="2020-07-17T11:03:15Z" finished-at="2020-07-17T11:03:15Z">
          <reporter-output>
          </reporter-output>
        </test-method> <!-- tearDown -->
      </class> <!-- com.project.test.LoginTest -->
    </test> <!-- Test-Login -->
    <test name="Test-Search" duration-ms="30731" started-at="2020-07-17T11:03:15Z" finished-at="2020-07-17T11:03:46Z">
      <class name="com.project.test.SearchTest">
        <test-method status="PASS" signature="openBrowser()[pri:0, instance:com.project.test.SearchTest@527740a2]" name="openBrowser" is-config="true" duration-ms="5692" started-at="2020-07-17T11:03:15Z" finished-at="2020-07-17T11:03:21Z">
          <reporter-output>
          </reporter-output>
        </test-method> <!-- openBrowser -->
        <test-method status="PASS" signature="searchProduct()[pri:0, instance:com.project.test.SearchTest@527740a2]" name="searchProduct" duration-ms="24789" started-at="2020-07-17T11:03:21Z" finished-at="2020-07-17T11:03:46Z">
          <reporter-output>
            <line>
              <![CDATA[Navigating to log in page.]]>
            </line>
            <line>
              <![CDATA[Attempting to log in.]]>
            </line>
            <line>
              <![CDATA[Log in was successful!]]>
            </line>
            <line>
              <![CDATA[Searching for a product 'shirt'...]]>
            </line>
            <line>
              <![CDATA[Matching products received!]]>
            </line>
            <line>
              <![CDATA[Signed out successfully!]]>
            </line>
          </reporter-output>
        </test-method> <!-- searchProduct -->
        <test-method status="PASS" signature="tearDown()[pri:0, instance:com.project.test.SearchTest@527740a2]" name="tearDown" is-config="true" duration-ms="241" started-at="2020-07-17T11:03:46Z" finished-at="2020-07-17T11:03:46Z">
          <reporter-output>
          </reporter-output>
        </test-method> <!-- tearDown -->
      </class> <!-- com.project.test.SearchTest -->
    </test> <!-- Test-Search -->
    <test name="Test-AddToCart" duration-ms="36452" started-at="2020-07-17T11:03:46Z" finished-at="2020-07-17T11:04:22Z">
      <class name="com.project.test.AddToCartTest">
        <test-method status="PASS" signature="openBrowser()[pri:0, instance:com.project.test.AddToCartTest@520a3426]" name="openBrowser" is-config="true" duration-ms="5548" started-at="2020-07-17T11:03:46Z" finished-at="2020-07-17T11:03:51Z">
          <reporter-output>
          </reporter-output>
        </test-method> <!-- openBrowser -->
        <test-method status="PASS" signature="addToCart()[pri:0, instance:com.project.test.AddToCartTest@520a3426]" name="addToCart" duration-ms="30652" started-at="2020-07-17T11:03:51Z" finished-at="2020-07-17T11:04:22Z">
          <reporter-output>
            <line>
              <![CDATA[Navigating to log in page.]]>
            </line>
            <line>
              <![CDATA[Attempting to log in.]]>
            </line>
            <line>
              <![CDATA[Log in was successful!]]>
            </line>
            <line>
              <![CDATA[Searching for a product 'shirt'...]]>
            </line>
            <line>
              <![CDATA[Selecting a product.]]>
            </line>
            <line>
              <![CDATA[Adding product to the Cart...]]>
            </line>
            <line>
              <![CDATA[Product added to cart successfully!]]>
            </line>
            <line>
              <![CDATA[Signed out successfully!]]>
            </line>
          </reporter-output>
        </test-method> <!-- addToCart -->
        <test-method status="PASS" signature="tearDown()[pri:0, instance:com.project.test.AddToCartTest@520a3426]" name="tearDown" is-config="true" duration-ms="228" started-at="2020-07-17T11:04:22Z" finished-at="2020-07-17T11:04:22Z">
          <reporter-output>
          </reporter-output>
        </test-method> <!-- tearDown -->
      </class> <!-- com.project.test.AddToCartTest -->
    </test> <!-- Test-AddToCart -->
  </suite> <!-- WebAppAutoTest -->
</testng-results>
